running egg_info
creating ../../build/maze_bot/maze_bot.egg-info
writing ../../build/maze_bot/maze_bot.egg-info/PKG-INFO
writing dependency_links to ../../build/maze_bot/maze_bot.egg-info/dependency_links.txt
writing requirements to ../../build/maze_bot/maze_bot.egg-info/requires.txt
writing top-level names to ../../build/maze_bot/maze_bot.egg-info/top_level.txt
writing manifest file '../../build/maze_bot/maze_bot.egg-info/SOURCES.txt'
reading manifest file '../../build/maze_bot/maze_bot.egg-info/SOURCES.txt'
writing manifest file '../../build/maze_bot/maze_bot.egg-info/SOURCES.txt'
running build
running build_py
creating /home/abcom/Documents/GitHub/ros2_tutorials/path_planning_ws/build/maze_bot/build
creating /home/abcom/Documents/GitHub/ros2_tutorials/path_planning_ws/build/maze_bot/build/lib
creating /home/abcom/Documents/GitHub/ros2_tutorials/path_planning_ws/build/maze_bot/build/lib/maze_bot
copying maze_bot/__init__.py -> /home/abcom/Documents/GitHub/ros2_tutorials/path_planning_ws/build/maze_bot/build/lib/maze_bot
running install
running install_lib
creating /home/abcom/Documents/GitHub/ros2_tutorials/path_planning_ws/install/maze_bot/lib/python3.10/site-packages/maze_bot
copying /home/abcom/Documents/GitHub/ros2_tutorials/path_planning_ws/build/maze_bot/build/lib/maze_bot/__init__.py -> /home/abcom/Documents/GitHub/ros2_tutorials/path_planning_ws/install/maze_bot/lib/python3.10/site-packages/maze_bot
byte-compiling /home/abcom/Documents/GitHub/ros2_tutorials/path_planning_ws/install/maze_bot/lib/python3.10/site-packages/maze_bot/__init__.py to __init__.cpython-310.pyc
running install_data
creating /home/abcom/Documents/GitHub/ros2_tutorials/path_planning_ws/install/maze_bot/share/ament_index
creating /home/abcom/Documents/GitHub/ros2_tutorials/path_planning_ws/install/maze_bot/share/ament_index/resource_index
creating /home/abcom/Documents/GitHub/ros2_tutorials/path_planning_ws/install/maze_bot/share/ament_index/resource_index/packages
copying resource/maze_bot -> /home/abcom/Documents/GitHub/ros2_tutorials/path_planning_ws/install/maze_bot/share/ament_index/resource_index/packages
copying package.xml -> /home/abcom/Documents/GitHub/ros2_tutorials/path_planning_ws/install/maze_bot/share/maze_bot
creating /home/abcom/Documents/GitHub/ros2_tutorials/path_planning_ws/install/maze_bot/share/maze_bot/urdf
copying urdf/maze_bot.urdf -> /home/abcom/Documents/GitHub/ros2_tutorials/path_planning_ws/install/maze_bot/share/maze_bot/urdf
creating /home/abcom/Documents/GitHub/ros2_tutorials/path_planning_ws/install/maze_bot/share/maze_bot/meshes
copying meshes/wheel_r.stl -> /home/abcom/Documents/GitHub/ros2_tutorials/path_planning_ws/install/maze_bot/share/maze_bot/meshes
copying meshes/front_caster.stl -> /home/abcom/Documents/GitHub/ros2_tutorials/path_planning_ws/install/maze_bot/share/maze_bot/meshes
copying meshes/base_link.stl -> /home/abcom/Documents/GitHub/ros2_tutorials/path_planning_ws/install/maze_bot/share/maze_bot/meshes
copying meshes/wheel_l.stl -> /home/abcom/Documents/GitHub/ros2_tutorials/path_planning_ws/install/maze_bot/share/maze_bot/meshes
creating /home/abcom/Documents/GitHub/ros2_tutorials/path_planning_ws/install/maze_bot/share/maze_bot/launch
running install_egg_info
Copying ../../build/maze_bot/maze_bot.egg-info to /home/abcom/Documents/GitHub/ros2_tutorials/path_planning_ws/install/maze_bot/lib/python3.10/site-packages/maze_bot-0.0.0-py3.10.egg-info
running install_scripts
writing list of installed files to '/home/abcom/Documents/GitHub/ros2_tutorials/path_planning_ws/build/maze_bot/install.log'
