/home/abcom/Documents/GitHub/ros2_tutorials/path_planning_ws/install/maze_bot/lib/python3.10/site-packages/maze_bot/__init__.py
/home/abcom/Documents/GitHub/ros2_tutorials/path_planning_ws/install/maze_bot/lib/python3.10/site-packages/maze_bot/go_to_goal.py
/home/abcom/Documents/GitHub/ros2_tutorials/path_planning_ws/install/maze_bot/lib/python3.10/site-packages/maze_bot/driving_node.py
/home/abcom/Documents/GitHub/ros2_tutorials/path_planning_ws/install/maze_bot/lib/python3.10/site-packages/maze_bot/__pycache__/__init__.cpython-310.pyc
/home/abcom/Documents/GitHub/ros2_tutorials/path_planning_ws/install/maze_bot/lib/python3.10/site-packages/maze_bot/__pycache__/go_to_goal.cpython-310.pyc
/home/abcom/Documents/GitHub/ros2_tutorials/path_planning_ws/install/maze_bot/lib/python3.10/site-packages/maze_bot/__pycache__/driving_node.cpython-310.pyc
/home/abcom/Documents/GitHub/ros2_tutorials/path_planning_ws/install/maze_bot/share/ament_index/resource_index/packages/maze_bot
/home/abcom/Documents/GitHub/ros2_tutorials/path_planning_ws/install/maze_bot/share/maze_bot/package.xml
/home/abcom/Documents/GitHub/ros2_tutorials/path_planning_ws/install/maze_bot/share/maze_bot/launch/mazebot_camera_maze.launch.py
/home/abcom/Documents/GitHub/ros2_tutorials/path_planning_ws/install/maze_bot/share/maze_bot/launch/rviz.launch.py
/home/abcom/Documents/GitHub/ros2_tutorials/path_planning_ws/install/maze_bot/share/maze_bot/launch/xml_gazebo.launch.xml
/home/abcom/Documents/GitHub/ros2_tutorials/path_planning_ws/install/maze_bot/share/maze_bot/launch/gazebo.launch.py
/home/abcom/Documents/GitHub/ros2_tutorials/path_planning_ws/install/maze_bot/share/maze_bot/urdf/maze_bot.urdf
/home/abcom/Documents/GitHub/ros2_tutorials/path_planning_ws/install/maze_bot/share/maze_bot/meshes/wheel_r.stl
/home/abcom/Documents/GitHub/ros2_tutorials/path_planning_ws/install/maze_bot/share/maze_bot/meshes/front_caster.stl
/home/abcom/Documents/GitHub/ros2_tutorials/path_planning_ws/install/maze_bot/share/maze_bot/meshes/base_link.stl
/home/abcom/Documents/GitHub/ros2_tutorials/path_planning_ws/install/maze_bot/share/maze_bot/meshes/wheel_l.stl
/home/abcom/Documents/GitHub/ros2_tutorials/path_planning_ws/install/maze_bot/share/maze_bot/worlds/maze_2.world
/home/abcom/Documents/GitHub/ros2_tutorials/path_planning_ws/install/maze_bot/share/maze_bot/worlds/maze_1.world
/home/abcom/Documents/GitHub/ros2_tutorials/path_planning_ws/install/maze_bot/lib/python3.10/site-packages/maze_bot-0.0.0-py3.10.egg-info/SOURCES.txt
/home/abcom/Documents/GitHub/ros2_tutorials/path_planning_ws/install/maze_bot/lib/python3.10/site-packages/maze_bot-0.0.0-py3.10.egg-info/entry_points.txt
/home/abcom/Documents/GitHub/ros2_tutorials/path_planning_ws/install/maze_bot/lib/python3.10/site-packages/maze_bot-0.0.0-py3.10.egg-info/top_level.txt
/home/abcom/Documents/GitHub/ros2_tutorials/path_planning_ws/install/maze_bot/lib/python3.10/site-packages/maze_bot-0.0.0-py3.10.egg-info/zip-safe
/home/abcom/Documents/GitHub/ros2_tutorials/path_planning_ws/install/maze_bot/lib/python3.10/site-packages/maze_bot-0.0.0-py3.10.egg-info/PKG-INFO
/home/abcom/Documents/GitHub/ros2_tutorials/path_planning_ws/install/maze_bot/lib/python3.10/site-packages/maze_bot-0.0.0-py3.10.egg-info/dependency_links.txt
/home/abcom/Documents/GitHub/ros2_tutorials/path_planning_ws/install/maze_bot/lib/python3.10/site-packages/maze_bot-0.0.0-py3.10.egg-info/requires.txt
/home/abcom/Documents/GitHub/ros2_tutorials/path_planning_ws/install/maze_bot/lib/maze_bot/driving_mazebot
/home/abcom/Documents/GitHub/ros2_tutorials/path_planning_ws/install/maze_bot/lib/maze_bot/driving_node
/home/abcom/Documents/GitHub/ros2_tutorials/path_planning_ws/install/maze_bot/lib/maze_bot/go_to_goal
/home/abcom/Documents/GitHub/ros2_tutorials/path_planning_ws/install/maze_bot/lib/maze_bot/maze_solver
/home/abcom/Documents/GitHub/ros2_tutorials/path_planning_ws/install/maze_bot/lib/maze_bot/video_recorder
