running egg_info
writing ../../build/maze_bot/maze_bot.egg-info/PKG-INFO
writing dependency_links to ../../build/maze_bot/maze_bot.egg-info/dependency_links.txt
writing requirements to ../../build/maze_bot/maze_bot.egg-info/requires.txt
writing top-level names to ../../build/maze_bot/maze_bot.egg-info/top_level.txt
reading manifest file '../../build/maze_bot/maze_bot.egg-info/SOURCES.txt'
writing manifest file '../../build/maze_bot/maze_bot.egg-info/SOURCES.txt'
running build
running build_py
copying maze_bot/__init__.py -> /home/abcom/Documents/GitHub/ros2_tutorials/path_planning_ws/build/maze_bot/build/lib/maze_bot
running install
running install_lib
running install_data
copying resource/maze_bot -> /home/abcom/Documents/GitHub/ros2_tutorials/path_planning_ws/install/maze_bot/share/ament_index/resource_index/packages
copying package.xml -> /home/abcom/Documents/GitHub/ros2_tutorials/path_planning_ws/install/maze_bot/share/maze_bot
copying urdf/maze_bot.urdf -> /home/abcom/Documents/GitHub/ros2_tutorials/path_planning_ws/install/maze_bot/share/maze_bot/urdf
running install_egg_info
removing '/home/abcom/Documents/GitHub/ros2_tutorials/path_planning_ws/install/maze_bot/lib/python3.10/site-packages/maze_bot-0.0.0-py3.10.egg-info' (and everything under it)
Copying ../../build/maze_bot/maze_bot.egg-info to /home/abcom/Documents/GitHub/ros2_tutorials/path_planning_ws/install/maze_bot/lib/python3.10/site-packages/maze_bot-0.0.0-py3.10.egg-info
running install_scripts
writing list of installed files to '/home/abcom/Documents/GitHub/ros2_tutorials/path_planning_ws/build/maze_bot/install.log'
